[19:21:07] Open Application
[19:21:15] EmployeeID:"1" login
[19:21:15] EmployeeID:"1" Open form main menu
[19:21:17] EmployeeID:"1" Open form sale detail
[19:21:43] Open Application
[19:21:49] EmployeeID:"1" login
[19:21:49] EmployeeID:"1" Open form main menu
[19:21:51] EmployeeID:"1" Open form sale detail
[19:22:58] Open Application
[19:23:02] EmployeeID:"1" login
[19:23:02] EmployeeID:"1" Open form main menu
[19:23:03] EmployeeID:"1" Open form sale detail
[19:26:16] Open Application
[19:26:21] EmployeeID:"1" login
[19:26:21] EmployeeID:"1" Open form main menu
[19:26:22] EmployeeID:"1" Open form sale detail
[19:26:51] Open Application
[19:26:56] EmployeeID:"1" login
[19:26:56] EmployeeID:"1" Open form main menu
[19:26:57] EmployeeID:"1" Open form sale detail
[19:30:11] Open Application
[19:30:16] EmployeeID:"1" login
[19:30:16] EmployeeID:"1" Open form main menu
[19:30:17] EmployeeID:"1" Open form sale detail
[19:30:39] Open Application
[19:30:44] EmployeeID:"1" login
[19:30:44] EmployeeID:"1" Open form main menu
[19:30:45] EmployeeID:"1" Open form sale detail
[19:31:18] Open Application
[19:31:22] EmployeeID:"1" login
[19:31:22] EmployeeID:"1" Open form main menu
[19:31:23] EmployeeID:"1" Open form sale detail
[19:31:50] Open Application
[19:31:54] EmployeeID:"1" login
[19:31:54] EmployeeID:"1" Open form main menu
[19:31:55] EmployeeID:"1" Open form sale detail
[19:32:16] Open Application
[19:32:23] EmployeeID:"1" login
[19:32:23] EmployeeID:"1" Open form main menu
[19:32:25] EmployeeID:"1" Open form sale detail
[19:34:00] Open Application
[19:34:04] EmployeeID:"1" login
[19:34:04] EmployeeID:"1" Open form main menu
[19:34:05] EmployeeID:"1" Open form sale detail
[19:35:14] Open Application
[19:35:19] EmployeeID:"1" login
[19:35:19] EmployeeID:"1" Open form main menu
[19:35:20] EmployeeID:"1" Open form sale detail
[19:36:58] Open Application
[19:37:04] EmployeeID:"1" login
[19:37:04] EmployeeID:"1" Open form main menu
[19:37:05] EmployeeID:"1" Open form sale detail
[19:42:42] Open Application
[19:42:46] EmployeeID:"1" login
[19:42:46] EmployeeID:"1" Open form main menu
[19:42:47] EmployeeID:"1" Open form sale detail
[19:44:30] Open Application
[19:44:35] EmployeeID:"1" login
[19:44:35] EmployeeID:"1" Open form main menu
[19:44:36] EmployeeID:"1" Open form sale detail
[19:54:42] Open Application
[19:54:47] EmployeeID:"1" login
[19:54:47] EmployeeID:"1" Open form main menu
[19:55:10] EmployeeID:"1" Open form stock
[19:57:05] EmployeeID:"1" Exit Application
